{
  "stats": {
    "suites": 1,
    "tests": 1,
    "passes": 1,
    "pending": 0,
    "failures": 0,
    "start": "2021-04-08T04:44:20.403Z",
    "end": "2021-04-08T04:44:33.260Z",
    "duration": 12857,
    "testsRegistered": 1,
    "passPercent": 100,
    "pendingPercent": 0,
    "other": 0,
    "hasOther": false,
    "skipped": 0,
    "hasSkipped": false
  },
  "results": [
    {
      "uuid": "fcebe8b2-e3c5-4a07-a80b-742d090ae8e2",
      "title": "",
      "fullFile": "cypress\\integration\\examples\\Test2.js",
      "file": "cypress\\integration\\examples\\Test2.js",
      "beforeHooks": [],
      "afterHooks": [],
      "tests": [],
      "suites": [
        {
          "uuid": "763fd78a-97b6-46a8-b188-9c9f10c3f3e7",
          "title": "This is test suite 2",
          "fullFile": "",
          "file": "",
          "beforeHooks": [],
          "afterHooks": [],
          "tests": [
            {
              "title": "This is complete TC : Including checkout",
              "fullTitle": "This is test suite 2 This is complete TC : Including checkout",
              "timedOut": null,
              "duration": 11278,
              "state": "passed",
              "speed": "slow",
              "pass": true,
              "fail": false,
              "pending": false,
              "context": null,
              "code": "cy.visit('https://rahulshettyacademy.com/seleniumPractise/#/');\ncy.get('.search-keyword').type('ca');\ncy.wait(2000);\ncy.get('.products').as('productLocator');\ncy.get('@productLocator').find('.product').each(function ($el, index, $list) {\n  cy.log($el.text());\n  if ($el.find('h4.product-name').text().includes('Cashews')) {\n    cy.wrap($el).find('button').click();\n  }\n});\ncy.get('.cart-icon > img').click();\ncy.contains('PROCEED TO CHECKOUT').click();\ncy.contains('Place Order').click();",
              "err": {},
              "uuid": "8d610bad-0886-4921-a33e-d1378646038d",
              "parentUUID": "763fd78a-97b6-46a8-b188-9c9f10c3f3e7",
              "isHook": false,
              "skipped": false
            }
          ],
          "suites": [],
          "passes": [
            "8d610bad-0886-4921-a33e-d1378646038d"
          ],
          "failures": [],
          "pending": [],
          "skipped": [],
          "duration": 11278,
          "root": false,
          "rootEmpty": false,
          "_timeout": 2000
        }
      ],
      "passes": [],
      "failures": [],
      "pending": [],
      "skipped": [],
      "duration": 0,
      "root": true,
      "rootEmpty": true,
      "_timeout": 2000
    }
  ],
  "meta": {
    "mocha": {
      "version": "7.0.1"
    },
    "mochawesome": {
      "options": {
        "quiet": false,
        "reportFilename": "mochawesome",
        "saveHtml": true,
        "saveJson": true,
        "consoleReporter": "spec",
        "useInlineDiffs": false,
        "code": true
      },
      "version": "6.2.2"
    },
    "marge": {
      "options": {
        "reportDir": "cypress/results",
        "overwrite": false
      },
      "version": "5.2.0"
    }
  }
}