{
  "stats": {
    "suites": 1,
    "tests": 2,
    "passes": 0,
    "pending": 0,
    "failures": 2,
    "start": "2021-04-08T04:44:58.082Z",
    "end": "2021-04-08T04:45:12.754Z",
    "duration": 14672,
    "testsRegistered": 2,
    "passPercent": 0,
    "pendingPercent": 0,
    "other": 0,
    "hasOther": false,
    "skipped": 0,
    "hasSkipped": false
  },
  "results": [
    {
      "uuid": "09c40419-56b1-468d-8c2f-939012c1fe82",
      "title": "",
      "fullFile": "cypress\\integration\\examples\\Test4.js",
      "file": "cypress\\integration\\examples\\Test4.js",
      "beforeHooks": [],
      "afterHooks": [],
      "tests": [],
      "suites": [
        {
          "uuid": "ae58d28c-abb4-4810-8bc1-c986558f41ef",
          "title": "This is Test Suite 4",
          "fullFile": "",
          "file": "",
          "beforeHooks": [],
          "afterHooks": [],
          "tests": [
            {
              "title": "Handling Alerts , ",
              "fullTitle": "This is Test Suite 4 Handling Alerts , ",
              "timedOut": null,
              "duration": 9461,
              "state": "failed",
              "speed": null,
              "pass": false,
              "fail": true,
              "pending": false,
              "context": null,
              "code": "cy.visit('https://rahulshettyacademy.com/AutomationPractice/'); // Alert handling , this is ALERT so this auto closed by cypress\ncy.get('#alertbtn').click(); // Alert  with CONFIRM options\ncy.get('#confirmbtn').click(); // Listen to browser events to get the Alert Text\ncy.get('#alertbtn').click();\ncy.on('window:alert', function (str) {\n  expect(str).to.equal('Hello , share this practice page and share your knowledge');\n});\ncy.on('window:confirm', function (str) {\n  expect(str).to.equal('Hello , share this practice page and share your knowledge');\n});",
              "err": {
                "message": "AssertionError: The following error originated from your application code, not from Cypress.\n\n  > expected 'Hello , Are you sure you want to confirm?' to equal 'Hello , share this practice page and share your knowledge'\n\nWhen Cypress detects uncaught errors originating from your application it will automatically fail the current test.\n\nThis behavior is configurable, and you can choose to turn this off by listening to the `uncaught:exception` event.\n\nhttps://on.cypress.io/uncaught-exception-from-application",
                "estack": "AssertionError: The following error originated from your application code, not from Cypress.\n\n  > expected 'Hello , Are you sure you want to confirm?' to equal 'Hello , share this practice page and share your knowledge'\n\nWhen Cypress detects uncaught errors originating from your application it will automatically fail the current test.\n\nThis behavior is configurable, and you can choose to turn this off by listening to the `uncaught:exception` event.\n\nhttps://on.cypress.io/uncaught-exception-from-application\n    at $Cy.eval (https://rahulshettyacademy.com/__cypress/tests?p=cypress\\integration\\examples\\Test4.js:113:22)",
                "diff": "- 'Hello , Are you sure you want to confirm?'\n+ 'Hello , share this practice page and share your knowledge'\n"
              },
              "uuid": "e21b83d3-86b2-4af1-8c8e-dfdee5a2212d",
              "parentUUID": "ae58d28c-abb4-4810-8bc1-c986558f41ef",
              "isHook": false,
              "skipped": false
            },
            {
              "title": "Handling child windows / tabs ",
              "fullTitle": "This is Test Suite 4 Handling child windows / tabs ",
              "timedOut": null,
              "duration": 3419,
              "state": "failed",
              "speed": null,
              "pass": false,
              "fail": true,
              "pending": false,
              "context": null,
              "code": "cy.visit('https://rahulshettyacademy.com/AutomationPractice/');\ncy.get('#opentab').invoke('removeAttr', 'target').click(); // cy.url().should('include','qaclickacademy')\ncy.go('back'); // cy.url().should('include','rahulshettyacademy')\ncy.go('forward'); // cy.url().should('include','qaclickacademy')",
              "err": {
                "message": "SyntaxError: The following error originated from your application code, not from Cypress.\n\n  > Unexpected token '.'\n\nWhen Cypress detects uncaught errors originating from your application it will automatically fail the current test.\n\nThis behavior is configurable, and you can choose to turn this off by listening to the `uncaught:exception` event.\n\nhttps://on.cypress.io/uncaught-exception-from-application",
                "estack": "SyntaxError: The following error originated from your application code, not from Cypress.\n\n  > Unexpected token '.'\n\nWhen Cypress detects uncaught errors originating from your application it will automatically fail the current test.\n\nThis behavior is configurable, and you can choose to turn this off by listening to the `uncaught:exception` event.\n\nhttps://on.cypress.io/uncaught-exception-from-application",
                "diff": null
              },
              "uuid": "f33570d5-a335-4491-bb51-17c637dca50a",
              "parentUUID": "ae58d28c-abb4-4810-8bc1-c986558f41ef",
              "isHook": false,
              "skipped": false
            }
          ],
          "suites": [],
          "passes": [],
          "failures": [
            "e21b83d3-86b2-4af1-8c8e-dfdee5a2212d",
            "f33570d5-a335-4491-bb51-17c637dca50a"
          ],
          "pending": [],
          "skipped": [],
          "duration": 12880,
          "root": false,
          "rootEmpty": false,
          "_timeout": 2000
        }
      ],
      "passes": [],
      "failures": [],
      "pending": [],
      "skipped": [],
      "duration": 0,
      "root": true,
      "rootEmpty": true,
      "_timeout": 2000
    }
  ],
  "meta": {
    "mocha": {
      "version": "7.0.1"
    },
    "mochawesome": {
      "options": {
        "quiet": false,
        "reportFilename": "mochawesome",
        "saveHtml": true,
        "saveJson": true,
        "consoleReporter": "spec",
        "useInlineDiffs": false,
        "code": true
      },
      "version": "6.2.2"
    },
    "marge": {
      "options": {
        "reportDir": "cypress/results",
        "overwrite": false
      },
      "version": "5.2.0"
    }
  }
}